2025-04-23 18:07:20,473 - __main__ - INFO - Iniciando guardado de señales de triple coincidencia para BTCUSDT-5m
2025-04-23 18:07:26,511 - __main__ - INFO - Conectado a base de datos MySQL: binance_lob
2025-04-23 18:07:43,269 - __main__ - INFO - Tabla triple_signals creada o ya existente
2025-04-23 18:07:43,815 - __main__ - ERROR - Error buscando señales de triple coincidencia: 1146 (42S02): Table 'binance_lob.mini_trends' doesn't exist
2025-04-23 18:07:43,815 - __main__ - INFO - No se encontraron señales de triple coincidencia para BTCUSDT-5m
2025-04-23 18:07:43,898 - __main__ - INFO - Conexión a la base de datos cerrada
2025-04-23 18:07:43,898 - __main__ - INFO - Proceso completado exitosamente
2025-04-23 18:08:55,039 - __main__ - INFO - Iniciando guardado de señales de triple coincidencia para BTCUSDT-5m
2025-04-23 18:09:07,869 - __main__ - INFO - Conectado a base de datos MySQL: binance_lob
2025-04-23 18:09:08,915 - __main__ - INFO - Tabla triple_signals creada o ya existente
2025-04-23 18:09:09,115 - __main__ - INFO - Usando tabla de mini-tendencias: mini_trend_results
2025-04-23 18:09:09,262 - __main__ - ERROR - Error buscando señales de triple coincidencia: 1054 (42S22): Unknown column 'kc.symbol' in 'field list'
2025-04-23 18:09:09,262 - __main__ - INFO - No se encontraron señales de triple coincidencia para BTCUSDT-5m
2025-04-23 18:09:09,271 - __main__ - INFO - Conexión a la base de datos cerrada
2025-04-23 18:09:09,271 - __main__ - INFO - Proceso completado exitosamente
2025-04-23 18:11:17,769 - __main__ - INFO - Iniciando guardado de señales de triple coincidencia para BTCUSDT-5m
2025-04-23 18:11:19,745 - __main__ - INFO - Conectado a base de datos MySQL: binance_lob
2025-04-23 18:11:19,942 - __main__ - INFO - Tabla triple_signals creada o ya existente
2025-04-23 18:11:19,942 - __main__ - INFO - Usando tabla de mini-tendencias: mini_trend_results
2025-04-23 18:11:20,078 - __main__ - WARNING - La tabla key_candles no tiene las columnas requeridas: mini_trend_id=False, in_accumulation_zone=False
2025-04-23 18:11:20,078 - __main__ - INFO - Intentando determinar relación entre velas clave y zonas de acumulación
2025-04-23 18:11:20,079 - __main__ - INFO - Intentando determinar relación entre velas clave y mini-tendencias por índices
2025-04-23 18:11:20,079 - __main__ - INFO - Ejecutando consulta para encontrar señales de triple coincidencia
2025-04-23 18:11:20,211 - __main__ - INFO - Encontradas 2 señales de triple coincidencia para BTCUSDT-5m
2025-04-23 18:11:21,039 - __main__ - ERROR - Error guardando señales de triple coincidencia: 1062 (23000): Duplicate entry 'BTCUSDT-5m-48' for key 'triple_signals.unique_signal'
2025-04-23 18:11:33,652 - __main__ - INFO - Conexión a la base de datos cerrada
2025-04-23 18:11:33,652 - __main__ - ERROR - Error en el proceso de guardado de señales
2025-04-23 18:12:57,545 - __main__ - INFO - Iniciando guardado de señales de triple coincidencia para BTCUSDT-5m
2025-04-23 18:13:03,975 - __main__ - INFO - Conectado a base de datos MySQL: binance_lob
2025-04-23 18:13:04,070 - __main__ - INFO - Tabla triple_signals creada o ya existente
2025-04-23 18:13:04,070 - __main__ - INFO - Usando tabla de mini-tendencias: mini_trend_results
2025-04-23 18:13:04,225 - __main__ - WARNING - La tabla key_candles no tiene las columnas requeridas: mini_trend_id=False, in_accumulation_zone=False
2025-04-23 18:13:04,225 - __main__ - INFO - Intentando determinar relación entre velas clave y zonas de acumulación
2025-04-23 18:13:04,225 - __main__ - INFO - Intentando determinar relación entre velas clave y mini-tendencias por índices
2025-04-23 18:13:04,225 - __main__ - INFO - Ejecutando consulta para encontrar señales de triple coincidencia
2025-04-23 18:13:04,252 - __main__ - INFO - Encontradas 2 señales de triple coincidencia para BTCUSDT-5m
2025-04-23 18:13:04,326 - __main__ - INFO - Eliminados registros específicos para candle_index: [48, 48]
2025-04-23 18:13:04,478 - __main__ - WARNING - Se omitió una señal duplicada en candle_index=48
2025-04-23 18:13:04,481 - __main__ - INFO - Guardadas 1 señales de triple coincidencia en la tabla
2025-04-23 18:13:04,495 - __main__ - INFO - Conexión a la base de datos cerrada
2025-04-23 18:13:04,496 - __main__ - INFO - Proceso completado exitosamente
2025-04-23 18:17:31,334 - __main__ - INFO - Iniciando guardado de señales de triple coincidencia para BTCUSDT-5m
2025-04-23 18:17:32,606 - __main__ - INFO - Conectado a base de datos MySQL: binance_lob
2025-04-23 18:17:32,733 - __main__ - INFO - Tabla triple_signals creada o ya existente
2025-04-23 18:17:32,734 - __main__ - INFO - Usando tabla de mini-tendencias: mini_trend_results
2025-04-23 18:17:32,779 - __main__ - WARNING - La tabla key_candles no tiene las columnas requeridas: mini_trend_id=False, in_accumulation_zone=False
2025-04-23 18:17:32,779 - __main__ - INFO - Intentando determinar relación entre velas clave y zonas de acumulación
2025-04-23 18:17:32,779 - __main__ - INFO - Intentando determinar relación entre velas clave y mini-tendencias por índices
2025-04-23 18:17:32,779 - __main__ - INFO - Ejecutando consulta para encontrar señales de triple coincidencia
2025-04-23 18:17:32,859 - __main__ - INFO - Encontradas 2 señales de triple coincidencia para BTCUSDT-5m
2025-04-23 18:17:32,987 - __main__ - INFO - Eliminados registros específicos para candle_index: [48, 48]
2025-04-23 18:17:33,052 - __main__ - ERROR - Error guardando señales de triple coincidencia: 1054 (42S22): Unknown column 'zone_start_datetime' in 'field list'
2025-04-23 18:17:33,186 - __main__ - INFO - Conexión a la base de datos cerrada
2025-04-23 18:17:33,186 - __main__ - ERROR - Error en el proceso de guardado de señales
2025-04-23 18:18:16,802 - __main__ - INFO - Iniciando guardado de señales de triple coincidencia para BTCUSDT-5m
2025-04-23 18:18:17,073 - __main__ - INFO - Conectado a base de datos MySQL: binance_lob
2025-04-23 18:18:17,188 - __main__ - INFO - Tabla triple_signals existente, eliminándola para recrear
2025-04-23 18:18:20,913 - __main__ - INFO - Tabla triple_signals creada correctamente con todas las columnas
2025-04-23 18:18:20,913 - __main__ - INFO - Usando tabla de mini-tendencias: mini_trend_results
2025-04-23 18:18:20,947 - __main__ - WARNING - La tabla key_candles no tiene las columnas requeridas: mini_trend_id=False, in_accumulation_zone=False
2025-04-23 18:18:20,947 - __main__ - INFO - Intentando determinar relación entre velas clave y zonas de acumulación
2025-04-23 18:18:20,947 - __main__ - INFO - Intentando determinar relación entre velas clave y mini-tendencias por índices
2025-04-23 18:18:20,947 - __main__ - INFO - Ejecutando consulta para encontrar señales de triple coincidencia
2025-04-23 18:18:21,014 - __main__ - INFO - Encontradas 2 señales de triple coincidencia para BTCUSDT-5m
2025-04-23 18:18:21,176 - __main__ - INFO - Eliminados registros específicos para candle_index: [48, 48]
2025-04-23 18:18:21,216 - __main__ - WARNING - Se omitió una señal duplicada en candle_index=48
2025-04-23 18:18:21,248 - __main__ - INFO - Guardadas 1 señales de triple coincidencia en la tabla
2025-04-23 18:18:21,249 - __main__ - INFO - Conexión a la base de datos cerrada
2025-04-23 18:18:21,249 - __main__ - INFO - Proceso completado exitosamente
2025-04-23 18:24:44,645 - __main__ - INFO - Iniciando guardado de señales de triple coincidencia para BTCUSDT-5m
2025-04-23 18:24:46,473 - __main__ - INFO - Conectado a base de datos MySQL: binance_lob
2025-04-23 18:24:46,556 - __main__ - INFO - Tabla triple_signals existente, eliminándola para recrear
2025-04-23 18:24:48,558 - __main__ - INFO - Tabla triple_signals creada correctamente con todas las columnas
2025-04-23 18:24:48,558 - __main__ - INFO - Usando tabla de mini-tendencias: mini_trend_results
2025-04-23 18:24:48,584 - __main__ - WARNING - La tabla key_candles no tiene las columnas requeridas: mini_trend_id=False, in_accumulation_zone=False
2025-04-23 18:24:48,585 - __main__ - INFO - Intentando determinar relación entre velas clave y zonas de acumulación
2025-04-23 18:24:48,585 - __main__ - INFO - Intentando determinar relación entre velas clave y mini-tendencias por índices
2025-04-23 18:24:48,585 - __main__ - INFO - Ejecutando consulta para encontrar señales de triple coincidencia
2025-04-23 18:24:48,606 - __main__ - INFO - Encontradas 2 señales de triple coincidencia para BTCUSDT-5m
2025-04-23 18:24:48,629 - __main__ - INFO - Eliminados registros específicos para candle_index: [48, 48]
2025-04-23 18:24:48,632 - __main__ - WARNING - Se omitió una señal duplicada en candle_index=48
2025-04-23 18:24:48,635 - __main__ - INFO - Guardadas 1 señales de triple coincidencia en la tabla
2025-04-23 18:24:48,654 - __main__ - INFO - Conexión a la base de datos cerrada
2025-04-23 18:24:48,654 - __main__ - INFO - Proceso completado exitosamente
2025-04-23 18:37:53,390 - __main__ - INFO - Iniciando guardado de señales de triple coincidencia para BTCUSDT-5m
2025-04-23 18:37:53,671 - __main__ - INFO - Conectado a base de datos MySQL: binance_lob
2025-04-23 18:37:53,762 - __main__ - INFO - Tabla triple_signals existente, eliminándola para recrear
2025-04-23 18:37:55,107 - __main__ - INFO - Tabla triple_signals creada correctamente con todas las columnas
2025-04-23 18:37:55,107 - __main__ - INFO - Usando tabla de mini-tendencias: mini_trend_results
2025-04-23 18:37:55,177 - __main__ - WARNING - La tabla key_candles no tiene las columnas requeridas: mini_trend_id=False, in_accumulation_zone=False
2025-04-23 18:37:55,178 - __main__ - INFO - Intentando determinar relación entre velas clave y zonas de acumulación
2025-04-23 18:37:55,178 - __main__ - INFO - Intentando determinar relación entre velas clave y mini-tendencias por índices
2025-04-23 18:37:55,178 - __main__ - INFO - Ejecutando consulta para encontrar señales de triple coincidencia
2025-04-23 18:37:55,294 - __main__ - INFO - Encontradas 0 señales de triple coincidencia para BTCUSDT-5m
2025-04-23 18:37:55,294 - __main__ - INFO - No se encontraron señales de triple coincidencia para BTCUSDT-5m
2025-04-23 18:37:55,295 - __main__ - INFO - Conexión a la base de datos cerrada
2025-04-23 18:37:55,295 - __main__ - INFO - Proceso completado exitosamente
2025-04-23 18:59:53,127 - __main__ - INFO - Iniciando guardado de señales de triple coincidencia para BTCUSDT-5m
2025-04-23 18:59:53,342 - __main__ - INFO - Conectado a base de datos MySQL: binance_lob
2025-04-23 18:59:53,795 - __main__ - INFO - Tabla triple_signals existente, eliminándola para recrear
2025-04-23 18:59:56,655 - __main__ - INFO - Tabla triple_signals creada correctamente con todas las columnas
2025-04-23 18:59:56,656 - __main__ - INFO - Usando tabla de mini-tendencias: mini_trend_results
2025-04-23 18:59:56,705 - __main__ - WARNING - La tabla key_candles no tiene las columnas requeridas: mini_trend_id=False, in_accumulation_zone=False
2025-04-23 18:59:56,705 - __main__ - INFO - Intentando determinar relación entre velas clave y zonas de acumulación
2025-04-23 18:59:56,705 - __main__ - INFO - Intentando determinar relación entre velas clave y mini-tendencias por índices
2025-04-23 18:59:56,705 - __main__ - INFO - Ejecutando consulta para encontrar señales de triple coincidencia
2025-04-23 18:59:56,810 - __main__ - INFO - Encontradas 2 señales de triple coincidencia para BTCUSDT-5m
2025-04-23 18:59:57,012 - __main__ - INFO - Eliminados registros específicos para candle_index: [48, 48]
2025-04-23 18:59:57,235 - __main__ - WARNING - Se omitió una señal duplicada en candle_index=48
2025-04-23 18:59:57,239 - __main__ - INFO - Guardadas 1 señales de triple coincidencia en la tabla
2025-04-23 18:59:57,240 - __main__ - INFO - Conexión a la base de datos cerrada
2025-04-23 18:59:57,240 - __main__ - INFO - Proceso completado exitosamente
2025-04-23 19:12:15,565 - __main__ - INFO - Iniciando guardado de señales de triple coincidencia para BTCUSDT-5m
2025-04-23 19:12:15,779 - __main__ - INFO - Conectado a base de datos MySQL: binance_lob
2025-04-23 19:12:15,828 - __main__ - INFO - Tabla triple_signals existente, eliminándola para recrear
2025-04-23 19:12:17,397 - __main__ - INFO - Tabla triple_signals creada correctamente con todas las columnas
2025-04-23 19:12:17,421 - __main__ - INFO - Usando tabla de mini-tendencias: mini_trend_results
2025-04-23 19:12:17,447 - __main__ - WARNING - La tabla key_candles no tiene las columnas requeridas: mini_trend_id=False, in_accumulation_zone=False
2025-04-23 19:12:17,448 - __main__ - INFO - Intentando determinar relación entre velas clave y zonas de acumulación
2025-04-23 19:12:17,448 - __main__ - INFO - Intentando determinar relación entre velas clave y mini-tendencias por índices
2025-04-23 19:12:17,448 - __main__ - INFO - Ejecutando consulta para encontrar señales de triple coincidencia
2025-04-23 19:12:17,597 - __main__ - INFO - Encontradas 5 señales de triple coincidencia para BTCUSDT-5m
2025-04-23 19:12:17,692 - __main__ - INFO - Eliminados registros específicos para candle_index: [48, 48, 53, 53, 97]
2025-04-23 19:12:17,734 - __main__ - WARNING - Se omitió una señal duplicada en candle_index=48
2025-04-23 19:12:17,738 - __main__ - WARNING - Se omitió una señal duplicada en candle_index=53
2025-04-23 19:12:17,743 - __main__ - INFO - Guardadas 3 señales de triple coincidencia en la tabla
2025-04-23 19:12:17,743 - __main__ - INFO - Conexión a la base de datos cerrada
2025-04-23 19:12:17,744 - __main__ - INFO - Proceso completado exitosamente
2025-04-23 19:13:59,401 - __main__ - INFO - Iniciando guardado de señales de triple coincidencia para BTCUSDT-5m
2025-04-23 19:13:59,876 - __main__ - INFO - Conectado a base de datos MySQL: binance_lob
2025-04-23 19:14:00,064 - __main__ - INFO - Tabla triple_signals existente, eliminándola para recrear
2025-04-23 19:14:01,037 - __main__ - INFO - Tabla triple_signals creada correctamente con todas las columnas
2025-04-23 19:14:01,037 - __main__ - INFO - Usando tabla de mini-tendencias: mini_trend_results
2025-04-23 19:14:01,067 - __main__ - WARNING - La tabla key_candles no tiene las columnas requeridas: mini_trend_id=False, in_accumulation_zone=False
2025-04-23 19:14:01,068 - __main__ - INFO - Intentando determinar relación entre velas clave y zonas de acumulación
2025-04-23 19:14:01,068 - __main__ - INFO - Intentando determinar relación entre velas clave y mini-tendencias por índices
2025-04-23 19:14:01,068 - __main__ - INFO - Ejecutando consulta para encontrar señales de triple coincidencia
2025-04-23 19:14:01,156 - __main__ - INFO - Encontradas 0 señales de triple coincidencia para BTCUSDT-5m
2025-04-23 19:14:01,156 - __main__ - INFO - No se encontraron señales de triple coincidencia para BTCUSDT-5m
2025-04-23 19:14:01,157 - __main__ - INFO - Conexión a la base de datos cerrada
2025-04-23 19:14:01,157 - __main__ - INFO - Proceso completado exitosamente
2025-04-23 19:18:56,013 - __main__ - INFO - Iniciando guardado de señales de triple coincidencia para BTCUSDT-5m
2025-04-23 19:18:56,168 - __main__ - INFO - Conectado a base de datos MySQL: binance_lob
2025-04-23 19:18:56,344 - __main__ - INFO - Tabla triple_signals existente, eliminándola para recrear
2025-04-23 19:18:57,510 - __main__ - INFO - Tabla triple_signals creada correctamente con todas las columnas
2025-04-23 19:18:57,510 - __main__ - INFO - Usando tabla de mini-tendencias: mini_trend_results
2025-04-23 19:18:57,554 - __main__ - WARNING - La tabla key_candles no tiene las columnas requeridas: mini_trend_id=False, in_accumulation_zone=False
2025-04-23 19:18:57,555 - __main__ - INFO - Intentando determinar relación entre velas clave y zonas de acumulación
2025-04-23 19:18:57,555 - __main__ - INFO - Intentando determinar relación entre velas clave y mini-tendencias por índices
2025-04-23 19:18:57,555 - __main__ - INFO - Ejecutando consulta para encontrar señales de triple coincidencia
2025-04-23 19:18:57,960 - __main__ - INFO - Encontradas 2 señales de triple coincidencia para BTCUSDT-5m
2025-04-23 19:18:57,988 - __main__ - INFO - Eliminados registros específicos para candle_index: [40, 91]
2025-04-23 19:18:58,871 - __main__ - INFO - Guardadas 2 señales de triple coincidencia en la tabla
2025-04-23 19:18:58,871 - __main__ - INFO - Conexión a la base de datos cerrada
2025-04-23 19:18:58,872 - __main__ - INFO - Proceso completado exitosamente
2025-04-23 19:21:15,142 - __main__ - INFO - Iniciando guardado de señales de triple coincidencia para BTCUSDT-15m
2025-04-23 19:21:15,255 - __main__ - INFO - Conectado a base de datos MySQL: binance_lob
2025-04-23 19:21:15,327 - __main__ - INFO - Tabla triple_signals existente, eliminándola para recrear
2025-04-23 19:21:16,006 - __main__ - INFO - Tabla triple_signals creada correctamente con todas las columnas
2025-04-23 19:21:16,007 - __main__ - INFO - Usando tabla de mini-tendencias: mini_trend_results
2025-04-23 19:21:16,053 - __main__ - WARNING - La tabla key_candles no tiene las columnas requeridas: mini_trend_id=False, in_accumulation_zone=False
2025-04-23 19:21:16,053 - __main__ - INFO - Intentando determinar relación entre velas clave y zonas de acumulación
2025-04-23 19:21:16,054 - __main__ - INFO - Intentando determinar relación entre velas clave y mini-tendencias por índices
2025-04-23 19:21:16,054 - __main__ - INFO - Ejecutando consulta para encontrar señales de triple coincidencia
2025-04-23 19:21:16,100 - __main__ - INFO - Encontradas 0 señales de triple coincidencia para BTCUSDT-15m
2025-04-23 19:21:16,102 - __main__ - INFO - No se encontraron señales de triple coincidencia para BTCUSDT-15m
2025-04-23 19:21:16,102 - __main__ - INFO - Conexión a la base de datos cerrada
2025-04-23 19:21:16,103 - __main__ - INFO - Proceso completado exitosamente
2025-04-23 19:22:42,520 - __main__ - INFO - Iniciando guardado de señales de triple coincidencia para BTCUSDT-5m
2025-04-23 19:22:42,652 - __main__ - INFO - Conectado a base de datos MySQL: binance_lob
2025-04-23 19:22:42,717 - __main__ - INFO - Tabla triple_signals existente, eliminándola para recrear
2025-04-23 19:22:43,686 - __main__ - INFO - Tabla triple_signals creada correctamente con todas las columnas
2025-04-23 19:22:43,686 - __main__ - INFO - Usando tabla de mini-tendencias: mini_trend_results
2025-04-23 19:22:43,689 - __main__ - WARNING - La tabla key_candles no tiene las columnas requeridas: mini_trend_id=False, in_accumulation_zone=False
2025-04-23 19:22:43,690 - __main__ - INFO - Intentando determinar relación entre velas clave y zonas de acumulación
2025-04-23 19:22:43,690 - __main__ - INFO - Intentando determinar relación entre velas clave y mini-tendencias por índices
2025-04-23 19:22:43,690 - __main__ - INFO - Ejecutando consulta para encontrar señales de triple coincidencia
2025-04-23 19:22:43,746 - __main__ - INFO - Encontradas 2 señales de triple coincidencia para BTCUSDT-5m
2025-04-23 19:22:43,753 - __main__ - INFO - Eliminados registros específicos para candle_index: [40, 91]
2025-04-23 19:22:43,786 - __main__ - INFO - Guardadas 2 señales de triple coincidencia en la tabla
2025-04-23 19:22:43,786 - __main__ - INFO - Conexión a la base de datos cerrada
2025-04-23 19:22:43,786 - __main__ - INFO - Proceso completado exitosamente
2025-04-23 19:33:26,777 - __main__ - INFO - Iniciando guardado de señales de triple coincidencia para BTCUSDT-5m
2025-04-23 19:33:27,004 - __main__ - INFO - Conectado a base de datos MySQL: binance_lob
2025-04-23 19:33:27,083 - __main__ - INFO - Tabla triple_signals existente, eliminándola para recrear
2025-04-23 19:33:29,405 - __main__ - INFO - Tabla triple_signals creada correctamente con todas las columnas
2025-04-23 19:33:29,405 - __main__ - INFO - Usando tabla de mini-tendencias: mini_trend_results
2025-04-23 19:33:29,409 - __main__ - WARNING - La tabla key_candles no tiene las columnas requeridas: mini_trend_id=False, in_accumulation_zone=False
2025-04-23 19:33:29,409 - __main__ - INFO - Intentando determinar relación entre velas clave y zonas de acumulación
2025-04-23 19:33:29,409 - __main__ - INFO - Intentando determinar relación entre velas clave y mini-tendencias por índices
2025-04-23 19:33:29,410 - __main__ - INFO - Ejecutando consulta para encontrar señales de triple coincidencia
2025-04-23 19:33:29,615 - __main__ - INFO - Encontradas 0 señales de triple coincidencia para BTCUSDT-5m
2025-04-23 19:33:29,615 - __main__ - INFO - No se encontraron señales de triple coincidencia para BTCUSDT-5m
2025-04-23 19:33:29,622 - __main__ - INFO - Conexión a la base de datos cerrada
2025-04-23 19:33:29,623 - __main__ - INFO - Proceso completado exitosamente
2025-04-23 19:39:24,188 - __main__ - INFO - Iniciando guardado de señales de triple coincidencia para BTCUSDT-5m
2025-04-23 19:39:46,364 - __main__ - INFO - Conectado a base de datos MySQL: binance_lob
2025-04-23 19:39:51,231 - __main__ - INFO - Tabla triple_signals existente, eliminándola para recrear
2025-04-23 19:40:12,858 - __main__ - INFO - Tabla triple_signals creada correctamente con todas las columnas
2025-04-23 19:40:12,858 - __main__ - INFO - Usando tabla de mini-tendencias: mini_trend_results
2025-04-23 19:40:13,604 - __main__ - WARNING - La tabla key_candles no tiene las columnas requeridas: mini_trend_id=False, in_accumulation_zone=False
2025-04-23 19:40:13,605 - __main__ - INFO - Intentando determinar relación entre velas clave y zonas de acumulación
2025-04-23 19:40:13,605 - __main__ - INFO - Intentando determinar relación entre velas clave y mini-tendencias por índices
2025-04-23 19:40:13,606 - __main__ - INFO - Ejecutando consulta para encontrar señales de triple coincidencia
2025-04-23 19:40:14,465 - __main__ - INFO - Encontradas 5 señales de triple coincidencia para BTCUSDT-5m
2025-04-23 19:40:15,114 - __main__ - INFO - Eliminados registros específicos para candle_index: [38, 38, 56, 56, 56]
2025-04-23 19:40:17,020 - __main__ - WARNING - Se omitió una señal duplicada en candle_index=38
2025-04-23 19:40:17,024 - __main__ - WARNING - Se omitió una señal duplicada en candle_index=56
2025-04-23 19:40:17,025 - __main__ - WARNING - Se omitió una señal duplicada en candle_index=56
2025-04-23 19:40:17,028 - __main__ - INFO - Guardadas 2 señales de triple coincidencia en la tabla
2025-04-23 19:40:17,471 - __main__ - INFO - Conexión a la base de datos cerrada
2025-04-23 19:40:17,472 - __main__ - INFO - Proceso completado exitosamente
